<?xml version="1.0" encoding="UTF-8"?>
<!-- Generated by org.testng.reporters.JUnitReportReporter -->
<testsuite skipped="0" hostname="AniketS-PC" name="com.demo.demo2" tests="1" failures="0" timestamp="02 Apr 2019 17:19:03 GMT" time="0.001" errors="0">
  <testcase name="subtraction" time="0.001" classname="com.demo.demo2"/>
</testsuite> <!-- com.demo.demo2 -->
