<?xml version="1.0" encoding="UTF-8"?>
<!-- Generated by org.testng.reporters.JUnitReportReporter -->
<testsuite skipped="0" hostname="AniketS-PC" name="com.demo.demo1" tests="1" failures="0" timestamp="02 Apr 2019 17:19:03 GMT" time="0.009" errors="0">
  <testcase name="add" time="0.009" classname="com.demo.demo1"/>
</testsuite> <!-- com.demo.demo1 -->
