<?xml version="1.0" encoding="UTF-8"?>
<!-- Generated by org.testng.reporters.JUnitReportReporter -->
<testsuite skipped="0" hostname="AniketS-PC" name="com.google.com.Googletitle" tests="1" failures="0" timestamp="02 Apr 2019 17:21:46 GMT" time="19.346" errors="0">
  <testcase name="test" time="19.346" classname="com.google.com.Googletitle"/>
</testsuite> <!-- com.google.com.Googletitle -->
